2023-06-22T09:08:00
2024-06-11T13:40:00
2024-05-01T17:21:00
2023-09-26T13:00:00
2024-01-26T11:30:00
2024-06-21T20:11:00
2025-05-27T14:21:00
2025-06-05T13:40:00
2025-08-28T18:05:00
2023-01-23T11:49:00
2024-06-04T16:19:00
2023-02-02T19:57:00
2024-02-27T19:59:00
2025-12-24T18:49:00
2023-12-27T21:53:00
2024-01-15T11:39:00
2024-11-21T20:12:00
2024-09-13T15:54:00
2024-06-13T16:01:00
2023-11-03T17:17:00
2024-03-07T17:51:00
2024-07-10T21:56:00
2024-12-26T14:36:00
2025-02-11T14:34:00
2024-01-23T13:36:00
2023-09-08T09:39:00
2025-09-12T13:47:00
2025-06-24T17:32:00
2025-10-21T19:13:00
2023-10-13T18:26:00
2025-04-21T18:05:00
2025-04-21T21:45:00
2023-04-26T12:41:00
2023-12-28T21:21:00
2023-07-21T17:36:00
2024-03-22T21:58:00
2023-11-01T20:59:00
2024-04-24T10:00:00
2025-09-09T19:02:00
2024-09-03T18:57:00
2023-12-04T15:08:00
2025-11-26T12:22:00
2024-04-05T17:27:00
2024-08-15T19:39:00
2024-09-09T09:06:00
2025-06-13T11:57:00
2024-04-25T11:00:00
2024-11-19T10:41:00
2025-02-25T12:00:00
2023-06-20T15:08:00
2023-08-07T11:07:00
2024-01-18T14:52:00
2025-06-17T20:07:00
2023-09-07T09:40:00
2024-08-22T16:01:00
2023-08-18T14:06:00
2025-04-28T21:32:00
2023-01-05T21:18:00
2023-09-21T11:33:00
2023-09-14T10:15:00
2025-06-12T10:09:00
2023-08-01T17:47:00
2024-04-10T12:50:00
2024-07-26T10:38:00
2023-04-26T09:01:00
2024-04-10T20:12:00
2024-12-09T10:19:00
2023-07-03T12:34:00
2023-07-14T16:31:00
2024-05-17T09:57:00
2023-06-28T12:01:00
2025-11-13T09:58:00
2023-05-18T10:19:00
2023-03-01T18:39:00
2023-02-02T11:43:00
2023-05-23T09:11:00
2024-07-26T15:15:00
2025-08-01T13:15:00
2024-09-25T09:09:00
2023-08-15T20:09:00
2023-02-15T11:51:00
2024-10-04T14:41:00
2025-07-14T12:14:00
2025-07-09T21:38:00
2023-08-24T09:25:00
2025-12-12T21:19:00
2024-09-17T10:02:00
2025-12-24T12:18:00
2024-04-19T16:25:00
2025-10-22T17:24:00
2025-04-14T18:04:00
2023-09-27T21:20:00
2025-02-17T10:19:00
2023-02-09T15:18:00
2024-10-22T20:36:00
2024-04-18T19:00:00
2025-08-25T17:49:00
2023-01-13T19:17:00
2025-01-20T18:44:00
2023-08-02T17:09:00
2024-07-05T14:35:00
2024-03-06T15:24:00
2023-06-27T14:13:00
2024-06-11T20:21:00
2025-01-16T11:32:00
2023-08-03T09:57:00
2024-09-05T13:36:00
2023-01-25T15:34:00
2024-04-10T15:10:00
2024-12-20T10:04:00
2025-04-05T12:50:00
2025-02-28T12:38:00
2025-02-02T19:58:00
2025-02-27T20:37:00
2024-10-09T11:37:00
2025-11-16T11:15:00
2023-07-21T12:00:00
2025-05-22T07:38:00
2024-05-24T13:27:00
2024-03-06T13:21:00
2023-09-24T11:25:00
2024-04-06T07:39:00
2025-07-02T15:02:00
2024-11-28T21:28:00
2025-08-28T11:21:00
2024-06-07T16:23:00
2023-11-07T08:24:00
2024-02-05T12:46:00
2023-06-28T13:39:00
2025-02-22T20:11:00
2023-09-22T08:51:00
2024-02-08T11:02:00
2025-01-12T18:31:00
2023-06-01T12:08:00
2023-09-14T21:49:00
2023-05-17T09:15:00
2024-11-09T16:48:00
2023-08-05T19:51:00
2023-08-13T11:38:00
2025-09-19T19:13:00
2023-02-06T07:51:00
2025-04-07T07:41:00
2024-03-21T11:47:00
2024-09-16T07:14:00
2025-01-25T10:31:00
2023-08-14T14:31:00
2023-12-14T21:35:00
2024-03-02T07:42:00
2023-10-24T12:09:00
2023-06-10T08:30:00
2025-10-07T16:05:00
2024-09-25T07:07:00
2024-06-17T13:23:00
2025-09-12T09:58:00
2024-09-04T21:50:00
2023-11-18T11:52:00
2023-11-02T12:37:00
2024-11-17T11:32:00
2023-02-05T18:44:00
2023-02-25T17:22:00
2023-09-04T12:14:00
2024-01-12T10:08:00
2024-09-15T12:28:00
2023-10-10T10:08:00
2024-01-27T20:18:00
2023-01-06T15:52:00
2025-02-15T09:12:00
2025-01-16T18:55:00
2025-12-15T20:58:00
2024-01-26T07:31:00
2025-02-10T12:34:00
2025-12-04T20:31:00
2025-09-04T21:34:00
2025-10-14T18:19:00
2023-02-13T07:26:00
2023-12-22T19:50:00
2025-04-03T08:33:00
2025-12-22T08:15:00
2025-02-10T07:33:00
2024-07-11T21:54:00
2023-03-17T07:25:00
2025-12-02T20:46:00
2023-10-10T15:26:00
2025-05-16T13:47:00
2023-11-02T18:06:00
2023-08-02T15:47:00
2025-03-14T10:30:00
2025-09-10T15:27:00
2025-11-23T19:45:00
2023-09-08T19:13:00
2025-11-07T17:00:00
2025-08-12T13:02:00
2024-11-21T21:41:00
2025-06-28T16:30:00
2023-02-07T11:18:00
2024-11-21T15:22:00
2024-03-10T16:48:00
2024-02-27T08:47:00
2024-09-14T17:19:00
2024-08-23T12:26:00
2025-07-21T18:14:00
2024-09-02T09:49:00
2025-05-25T08:53:00
2025-10-25T12:48:00
2024-08-10T20:13:00
2025-05-21T16:36:00
2023-05-19T19:27:00
2025-08-14T10:39:00
2025-12-15T19:06:00
2025-06-02T18:28:00
2024-05-12T13:05:00
2025-08-09T17:09:00
2025-04-02T18:17:00
2023-07-11T13:47:00
2023-01-05T20:07:00
2023-10-13T12:15:00
2023-01-04T18:55:00
2025-07-06T11:38:00
2025-05-09T12:05:00
2025-01-15T08:41:00
2024-04-21T12:41:00
2024-12-13T21:26:00
2025-07-23T13:44:00
2023-09-27T11:57:00
2025-03-11T15:33:00
2025-05-15T15:32:00
2025-03-24T07:57:00
2025-04-25T18:00:00
2025-02-21T08:05:00
2025-04-23T19:37:00
2023-08-12T12:44:00
2023-06-19T09:55:00
2024-09-20T07:18:00
2025-03-27T07:56:00
2025-12-01T07:22:00
2025-04-05T07:42:00
2023-04-10T07:18:00
2025-07-04T08:46:00
2025-12-14T10:53:00
2023-04-10T12:13:00
2025-05-28T09:18:00
2025-06-18T14:51:00
2024-05-06T13:11:00
2025-02-15T08:50:00
2025-02-04T19:23:00
2024-05-28T09:04:00
2025-12-15T12:13:00
2025-09-04T16:30:00
2023-03-04T20:57:00
2025-06-12T09:40:00
2025-09-08T19:46:00
2023-01-08T07:58:00
2023-11-21T07:58:00
2024-10-24T07:24:00
2025-11-28T13:20:00
2023-10-24T21:16:00
2025-10-13T21:10:00
2023-07-28T09:41:00
2023-09-01T11:19:00
2023-08-22T07:52:00
2025-03-07T08:49:00
2024-04-28T18:45:00
2023-11-08T08:36:00
2023-04-02T16:09:00
2024-07-02T13:22:00
2025-04-14T12:38:00
2023-11-13T21:51:00
2024-07-05T15:15:00
2023-03-11T17:02:00
2025-03-15T14:18:00
2023-11-28T18:54:00
2025-08-05T14:34:00
2023-03-09T07:37:00
2025-02-02T07:27:00
2025-05-01T12:08:00
2023-03-18T08:35:00
2024-12-02T08:43:00
2023-06-04T08:30:00
2024-04-10T07:00:00
2024-11-10T15:13:00
2023-08-18T15:42:00
2023-03-06T10:25:00
2023-11-26T09:36:00
2024-12-04T17:53:00
2023-12-19T08:41:00
2025-01-02T17:04:00
2024-03-08T13:57:00
2023-07-16T17:09:00
2025-06-05T08:07:00
2024-12-12T18:39:00
2025-01-26T07:05:00
2023-01-20T13:26:00
2025-06-03T08:20:00
2025-03-17T08:34:00
2023-01-19T16:52:00
2023-08-13T08:33:00
2025-12-21T07:52:00
2023-07-22T11:45:00
2023-05-25T20:14:00
2023-12-04T20:50:00
2023-02-16T16:57:00
2024-01-06T16:35:00
2024-07-20T19:39:00
2025-11-04T17:59:00
2025-12-05T13:07:00
2024-10-08T08:24:00
2024-08-19T14:47:00
2023-10-21T18:05:00
2024-08-28T09:12:00
2025-03-18T17:18:00
2025-11-14T20:03:00
2025-07-20T19:31:00
2024-01-01T10:06:00
2025-01-25T19:17:00
2025-10-12T15:56:00
2025-03-26T20:22:00
2024-03-08T18:39:00
2024-03-15T07:32:00
2025-07-21T15:16:00
2024-02-22T07:39:00
2025-05-23T21:16:00
2025-07-10T19:40:00
2025-08-10T17:52:00
2023-05-04T08:48:00
2025-05-01T08:09:00
2024-01-12T15:07:00
2023-10-25T21:16:00
2023-02-28T09:17:00
2023-06-18T17:48:00
2024-03-19T19:05:00
2025-07-03T12:08:00
2024-03-26T14:33:00
2024-07-03T15:54:00
2025-12-09T16:55:00
2023-07-11T18:08:00
2025-02-27T17:06:00
2024-10-12T08:22:00
2024-09-15T18:19:00
2025-01-18T08:08:00
2024-04-23T09:42:00
2024-01-10T11:45:00
2023-12-27T07:08:00
2025-09-16T12:42:00
2024-01-28T08:55:00
2023-08-22T19:29:00
2023-11-14T19:17:00
2024-10-04T19:43:00
2024-05-01T12:16:00
2025-05-12T20:38:00
2023-09-20T07:33:00
2025-11-26T16:38:00
2023-07-27T09:30:00
2023-02-24T12:30:00
2024-06-11T12:44:00
2023-10-23T17:56:00
2025-08-26T16:16:00
2023-01-07T16:52:00
2024-01-02T09:21:00
2025-11-14T19:48:00
2025-12-08T10:21:00
2024-09-27T08:07:00
2023-06-23T18:14:00
2025-08-15T13:36:00
2024-03-26T08:50:00
2025-06-12T20:34:00
2024-03-16T17:22:00
2024-01-06T17:10:00
2024-06-26T18:31:00
2023-12-04T07:38:00
2024-02-04T21:41:00
2024-01-01T08:09:00
2025-09-24T13:08:00
2024-11-27T08:53:00
2024-10-01T17:14:00
2024-07-03T21:03:00
2024-06-17T09:45:00
2023-12-24T15:56:00
2023-09-04T07:06:00
2023-01-28T21:42:00
2025-10-17T19:52:00
2025-07-04T14:59:00
2025-01-24T08:40:00
2023-10-21T09:04:00
2025-02-09T12:39:00
2024-02-16T11:57:00
2025-01-24T19:20:00
2024-02-25T19:04:00
2024-11-10T13:31:00
2025-05-21T15:46:00
2025-12-11T19:23:00
2024-07-23T07:55:00
2024-07-23T15:24:00
2025-06-11T10:10:00
2024-09-13T09:51:00
2024-03-06T07:18:00
2025-11-22T09:10:00
2025-01-03T12:00:00
2025-02-28T13:09:00
2025-08-11T07:23:00
2025-10-21T13:35:00
2025-10-05T08:35:00
2025-03-12T10:42:00
2025-12-27T08:34:00
2025-01-27T08:41:00
2025-11-04T16:47:00
2025-05-14T07:22:00
2025-09-19T07:42:00
2025-03-23T19:43:00
2025-07-12T07:53:00
2025-02-09T20:03:00
2025-05-15T15:25:00
2025-11-05T11:26:00
2025-04-10T12:20:00
2025-06-21T08:55:00
2025-07-13T14:41:00
2025-12-24T14:42:00
2025-12-13T07:28:00
2025-10-25T11:09:00
2025-06-01T17:49:00
2025-10-14T15:31:00
2025-08-03T08:50:00
2025-09-26T18:07:00
2025-05-10T13:06:00
2025-10-22T17:57:00
2025-11-19T08:17:00
2025-11-17T10:38:00+07:00 | INFO  | repo=linera-protocol | pid=9956 | action=push
2025-07-02T07:19:00+07:00 | INFO  | repo=linera-protocol | pid=9956 | action=push
2025-04-26T13:05:00+07:00 | WARN  | repo=linera-protocol | pid=9956 | action=push
2025-10-12T08:02:00+07:00 | INFO  | repo=linera-protocol | pid=9956 | action=push
2025-03-28T10:53:00+07:00 | WARN  | repo=linera-protocol | pid=9956 | action=pull | latency=110ms
2025-05-25T21:03:00+07:00 | WARN  | repo=linera-protocol | pid=9956 | action=push
2025-09-03T10:58:00+07:00 | WARN  | repo=linera-protocol | pid=9956 | action=push
2025-07-07T20:40:00+07:00 | WARN  | repo=linera-protocol | pid=9956 | action=push
2025-01-17T20:02:00+07:00 | WARN  | repo=linera-protocol | pid=9956 | action=push
2025-05-20T21:49:00+07:00 | INFO  | repo=linera-protocol | pid=9956 | action=push
2025-04-05T08:13:00+07:00 | INFO  | repo=linera-protocol | pid=9956 | action=push
2025-09-10T08:39:00+07:00 | INFO  | repo=linera-protocol | pid=9956 | action=push
2025-12-23T19:10:00+07:00 | WARN  | repo=linera-protocol | pid=9956 | action=push
2025-12-10T14:08:00+07:00 | INFO  | repo=linera-protocol | pid=9956 | action=commit
2025-10-25T21:09:00+07:00 | INFO  | repo=linera-protocol | pid=9956 | action=push
2025-07-16T12:38:00+07:00 | INFO  | repo=linera-protocol | pid=9956 | action=commit
2025-09-09T13:30:00+07:00 | INFO  | repo=linera-protocol | pid=9956 | action=push
2025-06-25T17:05:00+07:00 | INFO  | repo=linera-protocol | pid=9956 | action=edit | files=2
2025-01-25 19:59:00 | INFO | repo=linera-protocol | action=edit | files=1
2025-10-19 17:32:00 | DEBUG | repo=linera-protocol | action=commit
2025-05-08 18:35:00 | WARN | repo=linera-protocol | action=commit
2025-09-19 20:31:00 | DEBUG | repo=linera-protocol | action=commit
2025-04-15 21:56:00 | WARN | repo=linera-protocol | action=commit
2025-12-03 18:21:00 | WARN | repo=linera-protocol | action=commit
2025-07-09 17:32:00 | DEBUG | repo=linera-protocol | action=commit
2025-11-24 16:37:00 | DEBUG | repo=linera-protocol | action=commit
2025-08-24 08:30:00 | INFO | repo=linera-protocol | action=commit
2025-01-26 14:39:00 | WARN | repo=linera-protocol | action=edit | files=3
2025-09-20 18:42:00 | DEBUG | repo=linera-protocol | action=pull
2025-08-05 16:56:00 | WARN | repo=linera-protocol | action=commit
2025-05-06 08:43:00 | WARN | repo=linera-protocol | action=commit
2025-08-21 14:05:00 | DEBUG | repo=linera-protocol | action=commit
2025-08-05 12:13:00 | DEBUG | repo=linera-protocol | action=commit
2025-11-27 20:35:00 | INFO | repo=linera-protocol | action=commit
2025-08-16 08:07:00 | DEBUG | repo=linera-protocol | action=commit
2025-02-22 19:42:00 | INFO | repo=linera-protocol | action=commit
2025-12-05 12:28:00 | WARN | repo=linera-protocol | action=test | passed=true
2025-11-07 18:53:00 | WARN | repo=linera-protocol | action=commit
2025-10-02 18:10:00 | WARN | repo=linera-protocol | action=commit
2025-07-01 15:20:00 | DEBUG | repo=linera-protocol | action=edit | files=5
2025-12-12 21:33:00 | DEBUG | repo=linera-protocol | action=pull
2025-06-05 07:28:00 | DEBUG | repo=linera-protocol | action=commit
2025-11-02 08:03:00 | DEBUG | repo=linera-protocol | action=commit
2025-03-13 16:15:00 | DEBUG | repo=linera-protocol | action=commit
2025-01-26 20:44:00 | WARN | repo=linera-protocol | action=commit
2025-10-27 14:33:00 | DEBUG | repo=linera-protocol | action=edit | files=5
2025-06-15 20:37:00 | WARN | repo=linera-protocol | action=test | passed=true
2025-01-13 17:17:00 | DEBUG | repo=linera-protocol | action=test | passed=true
2025-03-18 17:51:00 | DEBUG | repo=linera-protocol | action=commit
